<?xml version="1.0" encoding="UTF-8"?>
<testsuite name="Regrassion Test"
           tests="4"
           failures="0"
           errors="0"
           skipped="0"
           time="7.855">
  <properties />
  
  
            <testcase name="bankManagerShouldAddCustomerSuccessfully" time="1.641" classname="com.bank.testsuite.BankTest" />
                <testcase name="bankManagerShouldOpenAccountSuccessfully" time="1.928" classname="com.bank.testsuite.BankTest" />
                <testcase name="customerShouldDepositMoneySuccessfully" time="2.223" classname="com.bank.testsuite.BankTest" />
                <testcase name="customerShouldWithdrawMoneySuccessfully" time="2.063" classname="com.bank.testsuite.BankTest" />
      
</testsuite>
