<?xml version="1.0" encoding="UTF-8"?>
<testng-results skipped="0" failed="0" ignored="1" total="5" passed="4">
  <reporter-output>
    <line>
      <![CDATA[clickOnBankManagerLoginTab[[ChromeDriver: chrome on WINDOWS (6527cab7be001c0911182ba641d539f7)] -> xpath: //button[text()='Bank Manager Login']]]]>
    </line>
    <line>
      <![CDATA[clickOnAddCustomerTab[[ChromeDriver: chrome on WINDOWS (6527cab7be001c0911182ba641d539f7)] -> xpath: //button[@ng-class='btnClass1']]]]>
    </line>
    <line>
      <![CDATA[sendTextToFirstName[[ChromeDriver: chrome on WINDOWS (6527cab7be001c0911182ba641d539f7)] -> xpath: //input[@placeholder='First Name']]]]>
    </line>
    <line>
      <![CDATA[sendTextToLastName[[ChromeDriver: chrome on WINDOWS (6527cab7be001c0911182ba641d539f7)] -> xpath: //input[@placeholder='Last Name']]]]>
    </line>
    <line>
      <![CDATA[sendTextToPostCode[[ChromeDriver: chrome on WINDOWS (6527cab7be001c0911182ba641d539f7)] -> xpath: //input[@placeholder='Post Code']]]]>
    </line>
    <line>
      <![CDATA[Click to see screenshot]]>
    </line>
    <line>
      <![CDATA[<a target = "_blank" href=C:\Users\USER\IdeaProjects\testng-week15-xyz-bank-naresh/test-output/html/bankManagerShouldAddCustomerSuccessfullyTue_Dec_13_19_50_17_GMT_2022.jpg>Screenshot</a>]]>
    </line>
    <line>
      <![CDATA[<br>]]>
    </line>
    <line>
      <![CDATA[<br>]]>
    </line>
    <line>
      <![CDATA[<a target = "_blank" href=C:\Users\USER\IdeaProjects\testng-week15-xyz-bank-naresh/test-output/html/bankManagerShouldAddCustomerSuccessfullyTue_Dec_13_19_50_17_GMT_2022.jpg><img src=C:\Users\USER\IdeaProjects\testng-week15-xyz-bank-naresh/test-output/html/bankManagerShouldAddCustomerSuccessfullyTue_Dec_13_19_50_17_GMT_2022.jpg height=200 width=200></img></a>]]>
    </line>
    <line>
      <![CDATA[clickOnBankManagerLoginTab[[ChromeDriver: chrome on WINDOWS (f4e1c2815c79d45e9cc7a8859e3e6ecc)] -> xpath: //button[text()='Bank Manager Login']]]]>
    </line>
    <line>
      <![CDATA[clickOnOpenAccountTab[[ChromeDriver: chrome on WINDOWS (f4e1c2815c79d45e9cc7a8859e3e6ecc)] -> xpath: //button[@ng-class='btnClass2']]]]>
    </line>
    <line>
      <![CDATA[mouseHoverOnCustomerName[[ChromeDriver: chrome on WINDOWS (f4e1c2815c79d45e9cc7a8859e3e6ecc)] -> xpath: //select[@id='userSelect']]]]>
    </line>
    <line>
      <![CDATA[selectCustomerName[[ChromeDriver: chrome on WINDOWS (f4e1c2815c79d45e9cc7a8859e3e6ecc)] -> xpath: //select[@id='userSelect']]]]>
    </line>
    <line>
      <![CDATA[mouseHoverOnCurrancy[[ChromeDriver: chrome on WINDOWS (f4e1c2815c79d45e9cc7a8859e3e6ecc)] -> xpath: //select[@id='userSelect']]]]>
    </line>
    <line>
      <![CDATA[selectCurrancyPound([[ChromeDriver: chrome on WINDOWS (f4e1c2815c79d45e9cc7a8859e3e6ecc)] -> xpath: //select[@id='currency']]]]>
    </line>
    <line>
      <![CDATA[Click to see screenshot]]>
    </line>
    <line>
      <![CDATA[<a target = "_blank" href=C:\Users\USER\IdeaProjects\testng-week15-xyz-bank-naresh/test-output/html/bankManagerShouldOpenAccountSuccessfullyTue_Dec_13_19_50_23_GMT_2022.jpg>Screenshot</a>]]>
    </line>
    <line>
      <![CDATA[<br>]]>
    </line>
    <line>
      <![CDATA[<br>]]>
    </line>
    <line>
      <![CDATA[<a target = "_blank" href=C:\Users\USER\IdeaProjects\testng-week15-xyz-bank-naresh/test-output/html/bankManagerShouldOpenAccountSuccessfullyTue_Dec_13_19_50_23_GMT_2022.jpg><img src=C:\Users\USER\IdeaProjects\testng-week15-xyz-bank-naresh/test-output/html/bankManagerShouldOpenAccountSuccessfullyTue_Dec_13_19_50_23_GMT_2022.jpg height=200 width=200></img></a>]]>
    </line>
    <line>
      <![CDATA[clickOnCustomerLoginTab[[ChromeDriver: chrome on WINDOWS (460036d34742528428971f6a083cef6e)] -> xpath: //button[contains(text(),'Customer Login')]]]]>
    </line>
    <line>
      <![CDATA[mouseHoverOnYourName[[ChromeDriver: chrome on WINDOWS (460036d34742528428971f6a083cef6e)] -> xpath: //select[@id='userSelect']]]]>
    </line>
    <line>
      <![CDATA[clickOnSelectYourName[[ChromeDriver: chrome on WINDOWS (460036d34742528428971f6a083cef6e)] -> xpath: //select[@id='userSelect']]]]>
    </line>
    <line>
      <![CDATA[clickOnLoginButton[[ChromeDriver: chrome on WINDOWS (460036d34742528428971f6a083cef6e)] -> xpath: //button[normalize-space()='Login']]]]>
    </line>
    <line>
      <![CDATA[clickOnDeposit[[ChromeDriver: chrome on WINDOWS (460036d34742528428971f6a083cef6e)] -> xpath: //button[@ng-class='btnClass2']]]]>
    </line>
    <line>
      <![CDATA[clickOnDepositTab[[ChromeDriver: chrome on WINDOWS (460036d34742528428971f6a083cef6e)] -> xpath: //button[@type='submit']]]]>
    </line>
    <line>
      <![CDATA[verifyDepositSuccessful[[ChromeDriver: chrome on WINDOWS (460036d34742528428971f6a083cef6e)] -> xpath: //button[@type='submit']]]]>
    </line>
    <line>
      <![CDATA[Click to see screenshot]]>
    </line>
    <line>
      <![CDATA[<a target = "_blank" href=C:\Users\USER\IdeaProjects\testng-week15-xyz-bank-naresh/test-output/html/customerShouldDepositMoneySuccessfullyTue_Dec_13_19_50_30_GMT_2022.jpg>Screenshot</a>]]>
    </line>
    <line>
      <![CDATA[<br>]]>
    </line>
    <line>
      <![CDATA[<br>]]>
    </line>
    <line>
      <![CDATA[<a target = "_blank" href=C:\Users\USER\IdeaProjects\testng-week15-xyz-bank-naresh/test-output/html/customerShouldDepositMoneySuccessfullyTue_Dec_13_19_50_30_GMT_2022.jpg><img src=C:\Users\USER\IdeaProjects\testng-week15-xyz-bank-naresh/test-output/html/customerShouldDepositMoneySuccessfullyTue_Dec_13_19_50_30_GMT_2022.jpg height=200 width=200></img></a>]]>
    </line>
    <line>
      <![CDATA[clickOnCustomerLoginTab[[ChromeDriver: chrome on WINDOWS (e5c281bad5d8828fff6bc2854606ea90)] -> xpath: //button[contains(text(),'Customer Login')]]]]>
    </line>
    <line>
      <![CDATA[mouseHoverOnYourName[[ChromeDriver: chrome on WINDOWS (e5c281bad5d8828fff6bc2854606ea90)] -> xpath: //select[@id='userSelect']]]]>
    </line>
    <line>
      <![CDATA[clickOnSelectYourName[[ChromeDriver: chrome on WINDOWS (e5c281bad5d8828fff6bc2854606ea90)] -> xpath: //select[@id='userSelect']]]]>
    </line>
    <line>
      <![CDATA[clickOnLoginButton[[ChromeDriver: chrome on WINDOWS (e5c281bad5d8828fff6bc2854606ea90)] -> xpath: //button[normalize-space()='Login']]]]>
    </line>
    <line>
      <![CDATA[clickOnWithdrawl[[ChromeDriver: chrome on WINDOWS (e5c281bad5d8828fff6bc2854606ea90)] -> xpath: (//button[contains(@class,'btn btn-lg')])[3]]]]>
    </line>
    <line>
      <![CDATA[sendWithdrawlAmountValue[[ChromeDriver: chrome on WINDOWS (e5c281bad5d8828fff6bc2854606ea90)] -> xpath: //input[@placeholder='amount']]]]>
    </line>
    <line>
      <![CDATA[clickOnWitdrawlTab[[ChromeDriver: chrome on WINDOWS (e5c281bad5d8828fff6bc2854606ea90)] -> xpath: //button[@type='submit']]]]>
    </line>
    <line>
      <![CDATA[Click to see screenshot]]>
    </line>
    <line>
      <![CDATA[<a target = "_blank" href=C:\Users\USER\IdeaProjects\testng-week15-xyz-bank-naresh/test-output/html/customerShouldWithdrawMoneySuccessfullyTue_Dec_13_19_50_37_GMT_2022.jpg>Screenshot</a>]]>
    </line>
    <line>
      <![CDATA[<br>]]>
    </line>
    <line>
      <![CDATA[<br>]]>
    </line>
    <line>
      <![CDATA[<a target = "_blank" href=C:\Users\USER\IdeaProjects\testng-week15-xyz-bank-naresh/test-output/html/customerShouldWithdrawMoneySuccessfullyTue_Dec_13_19_50_37_GMT_2022.jpg><img src=C:\Users\USER\IdeaProjects\testng-week15-xyz-bank-naresh/test-output/html/customerShouldWithdrawMoneySuccessfullyTue_Dec_13_19_50_37_GMT_2022.jpg height=200 width=200></img></a>]]>
    </line>
  </reporter-output>
  <suite name="Regression suite" duration-ms="28609" started-at="2022-12-13T19:50:09 GMT" finished-at="2022-12-13T19:50:37 GMT">
    <groups>
      <group name="regression">
        <method signature="BankTest.bankManagerShouldAddCustomerSuccessfully()[pri:0, instance:com.bank.testsuite.BankTest@706a04ae]" name="bankManagerShouldAddCustomerSuccessfully" class="com.bank.testsuite.BankTest"/>
        <method signature="BankTest.customerShouldDepositMoneySuccessfully()[pri:0, instance:com.bank.testsuite.BankTest@706a04ae]" name="customerShouldDepositMoneySuccessfully" class="com.bank.testsuite.BankTest"/>
        <method signature="BankTest.customerShouldWithdrawMoneySuccessfully()[pri:0, instance:com.bank.testsuite.BankTest@706a04ae]" name="customerShouldWithdrawMoneySuccessfully" class="com.bank.testsuite.BankTest"/>
      </group> <!-- regression -->
      <group name="smoke">
        <method signature="BankTest.bankManagerShouldOpenAccountSuccessfully()[pri:0, instance:com.bank.testsuite.BankTest@706a04ae]" name="bankManagerShouldOpenAccountSuccessfully" class="com.bank.testsuite.BankTest"/>
        <method signature="BankTest.customerShouldWithdrawMoneySuccessfully()[pri:0, instance:com.bank.testsuite.BankTest@706a04ae]" name="customerShouldWithdrawMoneySuccessfully" class="com.bank.testsuite.BankTest"/>
      </group> <!-- smoke -->
      <group name="sanity">
        <method signature="BankTest.bankManagerShouldAddCustomerSuccessfully()[pri:0, instance:com.bank.testsuite.BankTest@706a04ae]" name="bankManagerShouldAddCustomerSuccessfully" class="com.bank.testsuite.BankTest"/>
        <method signature="BankTest.bankManagerShouldOpenAccountSuccessfully()[pri:0, instance:com.bank.testsuite.BankTest@706a04ae]" name="bankManagerShouldOpenAccountSuccessfully" class="com.bank.testsuite.BankTest"/>
        <method signature="BankTest.customerShouldDepositMoneySuccessfully()[pri:0, instance:com.bank.testsuite.BankTest@706a04ae]" name="customerShouldDepositMoneySuccessfully" class="com.bank.testsuite.BankTest"/>
        <method signature="BankTest.customerShouldWithdrawMoneySuccessfully()[pri:0, instance:com.bank.testsuite.BankTest@706a04ae]" name="customerShouldWithdrawMoneySuccessfully" class="com.bank.testsuite.BankTest"/>
      </group> <!-- sanity -->
    </groups>
    <test name="Regrassion Test" duration-ms="28609" started-at="2022-12-13T19:50:09 GMT" finished-at="2022-12-13T19:50:37 GMT">
      <class name="com.bank.testsuite.BankTest">
        <test-method status="PASS" signature="setUp()[pri:0, instance:com.bank.testsuite.BankTest@706a04ae]" name="setUp" is-config="true" duration-ms="5340" started-at="2022-12-13T19:50:09 GMT" finished-at="2022-12-13T19:50:15 GMT">
          <reporter-output>
          </reporter-output>
        </test-method> <!-- setUp -->
        <test-method status="PASS" signature="inIt()[pri:0, instance:com.bank.testsuite.BankTest@706a04ae]" name="inIt" is-config="true" duration-ms="53" started-at="2022-12-13T19:50:15 GMT" finished-at="2022-12-13T19:50:15 GMT">
          <reporter-output>
          </reporter-output>
        </test-method> <!-- inIt -->
        <test-method status="PASS" signature="bankManagerShouldAddCustomerSuccessfully()[pri:0, instance:com.bank.testsuite.BankTest@706a04ae]" name="bankManagerShouldAddCustomerSuccessfully" duration-ms="1641" started-at="2022-12-13T19:50:15 GMT" finished-at="2022-12-13T19:50:16 GMT">
          <reporter-output>
            <line>
              <![CDATA[clickOnBankManagerLoginTab[[ChromeDriver: chrome on WINDOWS (6527cab7be001c0911182ba641d539f7)] -> xpath: //button[text()='Bank Manager Login']]]]>
            </line>
            <line>
              <![CDATA[clickOnAddCustomerTab[[ChromeDriver: chrome on WINDOWS (6527cab7be001c0911182ba641d539f7)] -> xpath: //button[@ng-class='btnClass1']]]]>
            </line>
            <line>
              <![CDATA[sendTextToFirstName[[ChromeDriver: chrome on WINDOWS (6527cab7be001c0911182ba641d539f7)] -> xpath: //input[@placeholder='First Name']]]]>
            </line>
            <line>
              <![CDATA[sendTextToLastName[[ChromeDriver: chrome on WINDOWS (6527cab7be001c0911182ba641d539f7)] -> xpath: //input[@placeholder='Last Name']]]]>
            </line>
            <line>
              <![CDATA[sendTextToPostCode[[ChromeDriver: chrome on WINDOWS (6527cab7be001c0911182ba641d539f7)] -> xpath: //input[@placeholder='Post Code']]]]>
            </line>
            <line>
              <![CDATA[Click to see screenshot]]>
            </line>
            <line>
              <![CDATA[<a target = "_blank" href=C:\Users\USER\IdeaProjects\testng-week15-xyz-bank-naresh/test-output/html/bankManagerShouldAddCustomerSuccessfullyTue_Dec_13_19_50_17_GMT_2022.jpg>Screenshot</a>]]>
            </line>
            <line>
              <![CDATA[<br>]]>
            </line>
            <line>
              <![CDATA[<br>]]>
            </line>
            <line>
              <![CDATA[<a target = "_blank" href=C:\Users\USER\IdeaProjects\testng-week15-xyz-bank-naresh/test-output/html/bankManagerShouldAddCustomerSuccessfullyTue_Dec_13_19_50_17_GMT_2022.jpg><img src=C:\Users\USER\IdeaProjects\testng-week15-xyz-bank-naresh/test-output/html/bankManagerShouldAddCustomerSuccessfullyTue_Dec_13_19_50_17_GMT_2022.jpg height=200 width=200></img></a>]]>
            </line>
          </reporter-output>
        </test-method> <!-- bankManagerShouldAddCustomerSuccessfully -->
        <test-method status="PASS" signature="tearDown()[pri:0, instance:com.bank.testsuite.BankTest@706a04ae]" name="tearDown" is-config="true" duration-ms="699" started-at="2022-12-13T19:50:17 GMT" finished-at="2022-12-13T19:50:17 GMT">
          <reporter-output>
          </reporter-output>
        </test-method> <!-- tearDown -->
        <test-method status="PASS" signature="setUp()[pri:0, instance:com.bank.testsuite.BankTest@706a04ae]" name="setUp" is-config="true" duration-ms="3742" started-at="2022-12-13T19:50:17 GMT" finished-at="2022-12-13T19:50:21 GMT">
          <reporter-output>
          </reporter-output>
        </test-method> <!-- setUp -->
        <test-method status="PASS" signature="inIt()[pri:0, instance:com.bank.testsuite.BankTest@706a04ae]" name="inIt" is-config="true" duration-ms="1" started-at="2022-12-13T19:50:21 GMT" finished-at="2022-12-13T19:50:21 GMT">
          <reporter-output>
          </reporter-output>
        </test-method> <!-- inIt -->
        <test-method status="PASS" signature="bankManagerShouldOpenAccountSuccessfully()[pri:0, instance:com.bank.testsuite.BankTest@706a04ae]" name="bankManagerShouldOpenAccountSuccessfully" duration-ms="1928" started-at="2022-12-13T19:50:21 GMT" finished-at="2022-12-13T19:50:23 GMT">
          <reporter-output>
            <line>
              <![CDATA[clickOnBankManagerLoginTab[[ChromeDriver: chrome on WINDOWS (f4e1c2815c79d45e9cc7a8859e3e6ecc)] -> xpath: //button[text()='Bank Manager Login']]]]>
            </line>
            <line>
              <![CDATA[clickOnOpenAccountTab[[ChromeDriver: chrome on WINDOWS (f4e1c2815c79d45e9cc7a8859e3e6ecc)] -> xpath: //button[@ng-class='btnClass2']]]]>
            </line>
            <line>
              <![CDATA[mouseHoverOnCustomerName[[ChromeDriver: chrome on WINDOWS (f4e1c2815c79d45e9cc7a8859e3e6ecc)] -> xpath: //select[@id='userSelect']]]]>
            </line>
            <line>
              <![CDATA[selectCustomerName[[ChromeDriver: chrome on WINDOWS (f4e1c2815c79d45e9cc7a8859e3e6ecc)] -> xpath: //select[@id='userSelect']]]]>
            </line>
            <line>
              <![CDATA[mouseHoverOnCurrancy[[ChromeDriver: chrome on WINDOWS (f4e1c2815c79d45e9cc7a8859e3e6ecc)] -> xpath: //select[@id='userSelect']]]]>
            </line>
            <line>
              <![CDATA[selectCurrancyPound([[ChromeDriver: chrome on WINDOWS (f4e1c2815c79d45e9cc7a8859e3e6ecc)] -> xpath: //select[@id='currency']]]]>
            </line>
            <line>
              <![CDATA[Click to see screenshot]]>
            </line>
            <line>
              <![CDATA[<a target = "_blank" href=C:\Users\USER\IdeaProjects\testng-week15-xyz-bank-naresh/test-output/html/bankManagerShouldOpenAccountSuccessfullyTue_Dec_13_19_50_23_GMT_2022.jpg>Screenshot</a>]]>
            </line>
            <line>
              <![CDATA[<br>]]>
            </line>
            <line>
              <![CDATA[<br>]]>
            </line>
            <line>
              <![CDATA[<a target = "_blank" href=C:\Users\USER\IdeaProjects\testng-week15-xyz-bank-naresh/test-output/html/bankManagerShouldOpenAccountSuccessfullyTue_Dec_13_19_50_23_GMT_2022.jpg><img src=C:\Users\USER\IdeaProjects\testng-week15-xyz-bank-naresh/test-output/html/bankManagerShouldOpenAccountSuccessfullyTue_Dec_13_19_50_23_GMT_2022.jpg height=200 width=200></img></a>]]>
            </line>
          </reporter-output>
        </test-method> <!-- bankManagerShouldOpenAccountSuccessfully -->
        <test-method status="PASS" signature="tearDown()[pri:0, instance:com.bank.testsuite.BankTest@706a04ae]" name="tearDown" is-config="true" duration-ms="849" started-at="2022-12-13T19:50:23 GMT" finished-at="2022-12-13T19:50:24 GMT">
          <reporter-output>
          </reporter-output>
        </test-method> <!-- tearDown -->
        <test-method status="PASS" signature="setUp()[pri:0, instance:com.bank.testsuite.BankTest@706a04ae]" name="setUp" is-config="true" duration-ms="3478" started-at="2022-12-13T19:50:24 GMT" finished-at="2022-12-13T19:50:28 GMT">
          <reporter-output>
          </reporter-output>
        </test-method> <!-- setUp -->
        <test-method status="PASS" signature="inIt()[pri:0, instance:com.bank.testsuite.BankTest@706a04ae]" name="inIt" is-config="true" duration-ms="1" started-at="2022-12-13T19:50:28 GMT" finished-at="2022-12-13T19:50:28 GMT">
          <reporter-output>
          </reporter-output>
        </test-method> <!-- inIt -->
        <test-method status="PASS" signature="customerShouldDepositMoneySuccessfully()[pri:0, instance:com.bank.testsuite.BankTest@706a04ae]" name="customerShouldDepositMoneySuccessfully" duration-ms="2223" started-at="2022-12-13T19:50:28 GMT" finished-at="2022-12-13T19:50:30 GMT">
          <reporter-output>
            <line>
              <![CDATA[clickOnCustomerLoginTab[[ChromeDriver: chrome on WINDOWS (460036d34742528428971f6a083cef6e)] -> xpath: //button[contains(text(),'Customer Login')]]]]>
            </line>
            <line>
              <![CDATA[mouseHoverOnYourName[[ChromeDriver: chrome on WINDOWS (460036d34742528428971f6a083cef6e)] -> xpath: //select[@id='userSelect']]]]>
            </line>
            <line>
              <![CDATA[clickOnSelectYourName[[ChromeDriver: chrome on WINDOWS (460036d34742528428971f6a083cef6e)] -> xpath: //select[@id='userSelect']]]]>
            </line>
            <line>
              <![CDATA[clickOnLoginButton[[ChromeDriver: chrome on WINDOWS (460036d34742528428971f6a083cef6e)] -> xpath: //button[normalize-space()='Login']]]]>
            </line>
            <line>
              <![CDATA[clickOnDeposit[[ChromeDriver: chrome on WINDOWS (460036d34742528428971f6a083cef6e)] -> xpath: //button[@ng-class='btnClass2']]]]>
            </line>
            <line>
              <![CDATA[clickOnDepositTab[[ChromeDriver: chrome on WINDOWS (460036d34742528428971f6a083cef6e)] -> xpath: //button[@type='submit']]]]>
            </line>
            <line>
              <![CDATA[verifyDepositSuccessful[[ChromeDriver: chrome on WINDOWS (460036d34742528428971f6a083cef6e)] -> xpath: //button[@type='submit']]]]>
            </line>
            <line>
              <![CDATA[Click to see screenshot]]>
            </line>
            <line>
              <![CDATA[<a target = "_blank" href=C:\Users\USER\IdeaProjects\testng-week15-xyz-bank-naresh/test-output/html/customerShouldDepositMoneySuccessfullyTue_Dec_13_19_50_30_GMT_2022.jpg>Screenshot</a>]]>
            </line>
            <line>
              <![CDATA[<br>]]>
            </line>
            <line>
              <![CDATA[<br>]]>
            </line>
            <line>
              <![CDATA[<a target = "_blank" href=C:\Users\USER\IdeaProjects\testng-week15-xyz-bank-naresh/test-output/html/customerShouldDepositMoneySuccessfullyTue_Dec_13_19_50_30_GMT_2022.jpg><img src=C:\Users\USER\IdeaProjects\testng-week15-xyz-bank-naresh/test-output/html/customerShouldDepositMoneySuccessfullyTue_Dec_13_19_50_30_GMT_2022.jpg height=200 width=200></img></a>]]>
            </line>
          </reporter-output>
        </test-method> <!-- customerShouldDepositMoneySuccessfully -->
        <test-method status="PASS" signature="tearDown()[pri:0, instance:com.bank.testsuite.BankTest@706a04ae]" name="tearDown" is-config="true" duration-ms="730" started-at="2022-12-13T19:50:30 GMT" finished-at="2022-12-13T19:50:31 GMT">
          <reporter-output>
          </reporter-output>
        </test-method> <!-- tearDown -->
        <test-method status="PASS" signature="setUp()[pri:0, instance:com.bank.testsuite.BankTest@706a04ae]" name="setUp" is-config="true" duration-ms="3660" started-at="2022-12-13T19:50:31 GMT" finished-at="2022-12-13T19:50:34 GMT">
          <reporter-output>
          </reporter-output>
        </test-method> <!-- setUp -->
        <test-method status="PASS" signature="inIt()[pri:0, instance:com.bank.testsuite.BankTest@706a04ae]" name="inIt" is-config="true" duration-ms="2" started-at="2022-12-13T19:50:34 GMT" finished-at="2022-12-13T19:50:34 GMT">
          <reporter-output>
          </reporter-output>
        </test-method> <!-- inIt -->
        <test-method status="PASS" signature="customerShouldWithdrawMoneySuccessfully()[pri:0, instance:com.bank.testsuite.BankTest@706a04ae]" name="customerShouldWithdrawMoneySuccessfully" duration-ms="2063" started-at="2022-12-13T19:50:34 GMT" finished-at="2022-12-13T19:50:37 GMT">
          <reporter-output>
            <line>
              <![CDATA[clickOnCustomerLoginTab[[ChromeDriver: chrome on WINDOWS (e5c281bad5d8828fff6bc2854606ea90)] -> xpath: //button[contains(text(),'Customer Login')]]]]>
            </line>
            <line>
              <![CDATA[mouseHoverOnYourName[[ChromeDriver: chrome on WINDOWS (e5c281bad5d8828fff6bc2854606ea90)] -> xpath: //select[@id='userSelect']]]]>
            </line>
            <line>
              <![CDATA[clickOnSelectYourName[[ChromeDriver: chrome on WINDOWS (e5c281bad5d8828fff6bc2854606ea90)] -> xpath: //select[@id='userSelect']]]]>
            </line>
            <line>
              <![CDATA[clickOnLoginButton[[ChromeDriver: chrome on WINDOWS (e5c281bad5d8828fff6bc2854606ea90)] -> xpath: //button[normalize-space()='Login']]]]>
            </line>
            <line>
              <![CDATA[clickOnWithdrawl[[ChromeDriver: chrome on WINDOWS (e5c281bad5d8828fff6bc2854606ea90)] -> xpath: (//button[contains(@class,'btn btn-lg')])[3]]]]>
            </line>
            <line>
              <![CDATA[sendWithdrawlAmountValue[[ChromeDriver: chrome on WINDOWS (e5c281bad5d8828fff6bc2854606ea90)] -> xpath: //input[@placeholder='amount']]]]>
            </line>
            <line>
              <![CDATA[clickOnWitdrawlTab[[ChromeDriver: chrome on WINDOWS (e5c281bad5d8828fff6bc2854606ea90)] -> xpath: //button[@type='submit']]]]>
            </line>
            <line>
              <![CDATA[Click to see screenshot]]>
            </line>
            <line>
              <![CDATA[<a target = "_blank" href=C:\Users\USER\IdeaProjects\testng-week15-xyz-bank-naresh/test-output/html/customerShouldWithdrawMoneySuccessfullyTue_Dec_13_19_50_37_GMT_2022.jpg>Screenshot</a>]]>
            </line>
            <line>
              <![CDATA[<br>]]>
            </line>
            <line>
              <![CDATA[<br>]]>
            </line>
            <line>
              <![CDATA[<a target = "_blank" href=C:\Users\USER\IdeaProjects\testng-week15-xyz-bank-naresh/test-output/html/customerShouldWithdrawMoneySuccessfullyTue_Dec_13_19_50_37_GMT_2022.jpg><img src=C:\Users\USER\IdeaProjects\testng-week15-xyz-bank-naresh/test-output/html/customerShouldWithdrawMoneySuccessfullyTue_Dec_13_19_50_37_GMT_2022.jpg height=200 width=200></img></a>]]>
            </line>
          </reporter-output>
        </test-method> <!-- customerShouldWithdrawMoneySuccessfully -->
        <test-method status="PASS" signature="tearDown()[pri:0, instance:com.bank.testsuite.BankTest@706a04ae]" name="tearDown" is-config="true" duration-ms="689" started-at="2022-12-13T19:50:37 GMT" finished-at="2022-12-13T19:50:37 GMT">
          <reporter-output>
          </reporter-output>
        </test-method> <!-- tearDown -->
      </class> <!-- com.bank.testsuite.BankTest -->
    </test> <!-- Regrassion Test -->
  </suite> <!-- Regression suite -->
</testng-results>
